1694481609833	geckodriver	INFO	Listening on 127.0.0.1:48364
1694481612574	mozrunner::runner	INFO	Running command: "C:\\Program Files\\Mozilla Firefox\\firefox.exe" "--marionette" "--remote-debugging-port" "48365" "--remote-allow-hosts" "localhost" "-no-remote" "-profile" "C:\\Users\\HUAWEI\\AppData\\Local\\Temp\\rust_mozprofilePSKsWu"
console.warn: services.settings: Ignoring preference override of remote settings server
console.warn: services.settings: Allow by setting MOZ_REMOTE_SETTINGS_DEVTOOLS=1 in the environment
1694481612924	Marionette	INFO	Marionette enabled
Dynamically enable window occlusion 0
1694481612991	Marionette	INFO	Listening on port 48375
WebDriver BiDi listening on ws://127.0.0.1:48365
Read port: 48375
1694481613241	RemoteAgent	WARN	TLS certificate errors will be ignored for this session
DevTools listening on ws://127.0.0.1:48365/devtools/browser/e2b5187f-410f-481e-9587-c305f6a4a070
1694481637114	Marionette	INFO	Stopped listening on port 48375
Dynamically enable window occlusion 1
1694481642210	geckodriver	INFO	Listening on 127.0.0.1:48465
1694481645263	mozrunner::runner	INFO	Running command: "C:\\Program Files\\Mozilla Firefox\\firefox.exe" "--marionette" "--remote-debugging-port" "48466" "--remote-allow-hosts" "localhost" "-no-remote" "-profile" "C:\\Users\\HUAWEI\\AppData\\Local\\Temp\\rust_mozprofile4LQ1SS"
console.warn: services.settings: Ignoring preference override of remote settings server
console.warn: services.settings: Allow by setting MOZ_REMOTE_SETTINGS_DEVTOOLS=1 in the environment
1694481645509	Marionette	INFO	Marionette enabled
Dynamically enable window occlusion 0
1694481645561	Marionette	INFO	Listening on port 48473
WebDriver BiDi listening on ws://127.0.0.1:48466
Read port: 48473
1694481645841	RemoteAgent	WARN	TLS certificate errors will be ignored for this session
DevTools listening on ws://127.0.0.1:48466/devtools/browser/f8ad68bd-833d-481b-bbd5-564d304227f7
JavaScript error: https://inventwithpython.com/js/bootstrap.min.js, line 7: Error: Bootstrap tooltips require Tether (http://tether.io/)
1694483706403	geckodriver	INFO	Listening on 127.0.0.1:31936
1694483709478	mozrunner::runner	INFO	Running command: "C:\\Program Files\\Mozilla Firefox\\firefox.exe" "--marionette" "--remote-debugging-port" "31937" "--remote-allow-hosts" "localhost" "-no-remote" "-profile" "C:\\Users\\HUAWEI\\AppData\\Local\\Temp\\rust_mozprofilemHh4sa"
console.warn: services.settings: Ignoring preference override of remote settings server
console.warn: services.settings: Allow by setting MOZ_REMOTE_SETTINGS_DEVTOOLS=1 in the environment
1694483709818	Marionette	INFO	Marionette enabled
Dynamically enable window occlusion 0
1694483709901	Marionette	INFO	Listening on port 31944
WebDriver BiDi listening on ws://127.0.0.1:31937
Read port: 31944
1694483710076	RemoteAgent	WARN	TLS certificate errors will be ignored for this session
DevTools listening on ws://127.0.0.1:31937/devtools/browser/10202295-3dac-414a-8537-13aab4cb1869
JavaScript error: https://inventwithpython.com/js/bootstrap.min.js, line 7: Error: Bootstrap tooltips require Tether (http://tether.io/)
console.warn: LoginHelper(Main): "Couldn't parse specified uri [System Principal] with error NS_ERROR_MALFORMED_URI"
console.warn: LoginHelper(Main): "Couldn't parse specified uri [System Principal] with error NS_ERROR_MALFORMED_URI"
console.warn: LoginHelper(Main): "Couldn't parse specified uri [System Principal] with error NS_ERROR_MALFORMED_URI"
console.warn: LoginHelper(Main): "Couldn't parse specified uri [System Principal] with error NS_ERROR_MALFORMED_URI"
console.warn: LoginHelper(Main): "Couldn't parse specified uri [System Principal] with error NS_ERROR_MALFORMED_URI"
console.warn: LoginHelper(Main): "Couldn't parse specified uri [System Principal] with error NS_ERROR_MALFORMED_URI"
console.warn: LoginHelper(Main): "Couldn't parse specified uri [System Principal] with error NS_ERROR_MALFORMED_URI"
console.warn: LoginHelper(Main): "Couldn't parse specified uri [System Principal] with error NS_ERROR_MALFORMED_URI"
console.warn: LoginHelper(Main): "Couldn't parse specified uri [System Principal] with error NS_ERROR_MALFORMED_URI"
console.warn: LoginHelper(Main): "Couldn't parse specified uri [System Principal] with error NS_ERROR_MALFORMED_URI"
console.warn: LoginHelper(Main): "Couldn't parse specified uri [System Principal] with error NS_ERROR_MALFORMED_URI"
console.warn: LoginHelper(Main): "Couldn't parse specified uri [System Principal] with error NS_ERROR_MALFORMED_URI"
console.warn: LoginHelper(Main): "Couldn't parse specified uri [System Principal] with error NS_ERROR_MALFORMED_URI"
console.warn: LoginHelper(Main): "Couldn't parse specified uri [System Principal] with error NS_ERROR_MALFORMED_URI"
console.warn: LoginHelper(Main): "Couldn't parse specified uri [System Principal] with error NS_ERROR_MALFORMED_URI"
console.warn: LoginHelper(Main): "Couldn't parse specified uri [System Principal] with error NS_ERROR_MALFORMED_URI"
console.warn: LoginHelper(Main): "Couldn't parse specified uri [System Principal] with error NS_ERROR_MALFORMED_URI"
console.warn: LoginHelper(Main): "Couldn't parse specified uri [System Principal] with error NS_ERROR_MALFORMED_URI"
console.warn: LoginHelper(Main): "Couldn't parse specified uri [System Principal] with error NS_ERROR_MALFORMED_URI"
console.warn: LoginHelper(Main): "Couldn't parse specified uri [System Principal] with error NS_ERROR_MALFORMED_URI"
console.warn: LoginHelper(Main): "Couldn't parse specified uri [System Principal] with error NS_ERROR_MALFORMED_URI"
console.warn: LoginHelper(Main): "Couldn't parse specified uri [System Principal] with error NS_ERROR_MALFORMED_URI"
console.warn: LoginHelper(Main): "Couldn't parse specified uri [System Principal] with error NS_ERROR_MALFORMED_URI"
console.warn: LoginHelper(Main): "Couldn't parse specified uri [System Principal] with error NS_ERROR_MALFORMED_URI"
